<?xml version="1.0" encoding="UTF-8"?>
<testsuite name="testRunner.cucumberRunner" time="0.008" tests="9" errors="2" skipped="2" failures="0">
  <properties>
[...]
</properties>
  <testcase name="Given Application URL &amp; driver details from Configuration file" classname="Scenario: launch the browser in Chrome" time="0.002"/>
  <testcase name="Given Application URL &amp; driver details from Configuration file" classname="Scenario: launch the browser in Chrome" time="0"/>
  <testcase name="When launch the application on browser" classname="Scenario: launch the browser in Chrome" time="0.003">
    <error type="java.lang.NullPointerException:">java.lang.NullPointerException: null
	at commonUtility.base.accessApplicationURL(base.java:40)
	at stepDefination.stepDefination.launch_the_application_on_browser(stepDefination.java:46)
	at ✽.When launch the application on browser(src/test/resources/feature/google.feature:9)
</error>
    <system-out><![CDATA[Broswer input is from pom.xml == ${project.browserName}
From Jenkinchrome
]]></system-out>
  </testcase>
  <testcase name="Scenario: launch the browser in Chrome" classname="Scenario: launch the browser in Chrome" time="0.003">
    <error type="java.lang.NullPointerException:">java.lang.NullPointerException: null
	at commonUtility.base.accessApplicationURL(base.java:40)
	at stepDefination.stepDefination.launch_the_application_on_browser(stepDefination.java:46)
	at ✽.When launch the application on browser(src/test/resources/feature/google.feature:9)
</error>
  </testcase>
  <testcase name="Then navigate to forWork Page" classname="Scenario: launch the browser in Chrome" time="0">
    <skipped/>
  </testcase>
  <testcase name="And Click on Get Started button" classname="Scenario: launch the browser in Chrome" time="0">
    <skipped/>
  </testcase>
  <testcase name="Given Application URL &amp; driver details from Configuration file" classname="Scenario: launch the browser in Firefox" time="0"/>
  <testcase name="Given Application URL &amp; driver details from Configuration file" classname="Scenario: launch the browser in Firefox" time="0"/>
  <testcase name="Scenario: launch the browser in Firefox" classname="Scenario: launch the browser in Firefox" time="0"/>
</testsuite>